d:\onedrive\hnd\year 2\cmp2090 object orintated programming\brownk-bro271592-cmp2090-all\assignment code\copyconsopoverload\x64\debug\assignment 1.pch
d:\onedrive\hnd\year 2\cmp2090 object orintated programming\brownk-bro271592-cmp2090-all\assignment code\copyconsopoverload\x64\debug\vc140.pdb
d:\onedrive\hnd\year 2\cmp2090 object orintated programming\brownk-bro271592-cmp2090-all\assignment code\copyconsopoverload\x64\debug\vc140.idb
d:\onedrive\hnd\year 2\cmp2090 object orintated programming\brownk-bro271592-cmp2090-all\assignment code\copyconsopoverload\x64\debug\stdafx.obj
d:\onedrive\hnd\year 2\cmp2090 object orintated programming\brownk-bro271592-cmp2090-all\assignment code\copyconsopoverload\x64\debug\assignment.obj
e:\onedrive\hnd\year 2\cmp2090 object orintated programming\programming assignment\assignment code\x64\debug\assignment 1.ilk
e:\onedrive\hnd\year 2\cmp2090 object orintated programming\programming assignment\assignment code\x64\debug\assignment 1.exe
e:\onedrive\hnd\year 2\cmp2090 object orintated programming\programming assignment\assignment code\x64\debug\assignment 1.pdb
e:\onedrive\hnd\year 2\cmp2090 object orintated programming\brownk-bro271592-cmp2090-1\assignment code\x64\debug\assignment 1.ilk
e:\onedrive\hnd\year 2\cmp2090 object orintated programming\brownk-bro271592-cmp2090-1\assignment code\x64\debug\assignment 1.exe
e:\onedrive\hnd\year 2\cmp2090 object orintated programming\brownk-bro271592-cmp2090-1\assignment code\x64\debug\assignment 1.pdb
d:\onedrive\hnd\year 2\cmp2090 object orintated programming\brownk-bro271592-cmp2090-all\assignment code\x64\debug\assignment 1.ilk
d:\onedrive\hnd\year 2\cmp2090 object orintated programming\brownk-bro271592-cmp2090-all\assignment code\x64\debug\assignment 1.exe
d:\onedrive\hnd\year 2\cmp2090 object orintated programming\brownk-bro271592-cmp2090-all\assignment code\x64\debug\assignment 1.pdb
d:\onedrive\hnd\year 2\cmp2090 object orintated programming\brownk-bro271592-cmp2090-all\assignment code\copyconsopoverload\x64\debug\assignment.obj.enc
d:\onedrive\hnd\year 2\cmp2090 object orintated programming\brownk-bro271592-cmp2090-all\assignment code\copyconsopoverload\x64\debug\assignment 1.tlog\cl.command.1.tlog
d:\onedrive\hnd\year 2\cmp2090 object orintated programming\brownk-bro271592-cmp2090-all\assignment code\copyconsopoverload\x64\debug\assignment 1.tlog\cl.read.1.tlog
d:\onedrive\hnd\year 2\cmp2090 object orintated programming\brownk-bro271592-cmp2090-all\assignment code\copyconsopoverload\x64\debug\assignment 1.tlog\cl.write.1.tlog
d:\onedrive\hnd\year 2\cmp2090 object orintated programming\brownk-bro271592-cmp2090-all\assignment code\copyconsopoverload\x64\debug\assignment 1.tlog\link.command.1.tlog
d:\onedrive\hnd\year 2\cmp2090 object orintated programming\brownk-bro271592-cmp2090-all\assignment code\copyconsopoverload\x64\debug\assignment 1.tlog\link.read.1.tlog
d:\onedrive\hnd\year 2\cmp2090 object orintated programming\brownk-bro271592-cmp2090-all\assignment code\copyconsopoverload\x64\debug\assignment 1.tlog\link.write.1.tlog
